Performing C SOURCE FILE Test CMAKE_HAVE_LIBC_PTHREAD failed with the following output:
Change Dir: /home/nikita/catkin_ws/src/VFHByDepthCam/build/CMakeFiles/CMakeScratch/TryCompile-MZ9gAG

Run Build Command(s):/home/nikita/.local/bin/ninja cmTC_8578a && [1/2] Building C object CMakeFiles/cmTC_8578a.dir/src.c.o
[2/2] Linking C executable cmTC_8578a
FAILED: cmTC_8578a 
: && /usr/bin/gcc-8  -rdynamic CMakeFiles/cmTC_8578a.dir/src.c.o -o cmTC_8578a   && :
/usr/bin/ld: CMakeFiles/cmTC_8578a.dir/src.c.o: в функции «main»:
src.c:(.text+0x46): неопределённая ссылка на «pthread_create»
/usr/bin/ld: src.c:(.text+0x52): неопределённая ссылка на «pthread_detach»
/usr/bin/ld: src.c:(.text+0x5e): неопределённая ссылка на «pthread_cancel»
/usr/bin/ld: src.c:(.text+0x6f): неопределённая ссылка на «pthread_join»
collect2: error: ld returned 1 exit status
ninja: build stopped: subcommand failed.


Source file was:
#include <pthread.h>

static void* test_func(void* data)
{
  return data;
}

int main(void)
{
  pthread_t thread;
  pthread_create(&thread, NULL, test_func, NULL);
  pthread_detach(thread);
  pthread_cancel(thread);
  pthread_join(thread, NULL);
  pthread_atfork(NULL, NULL, NULL);
  pthread_exit(NULL);

  return 0;
}


Determining if the function pthread_create exists in the pthreads failed with the following output:
Change Dir: /home/nikita/catkin_ws/src/VFHByDepthCam/build/CMakeFiles/CMakeScratch/TryCompile-mWexnE

Run Build Command(s):/home/nikita/.local/bin/ninja cmTC_794ef && [1/2] Building C object CMakeFiles/cmTC_794ef.dir/CheckFunctionExists.c.o
[2/2] Linking C executable cmTC_794ef
FAILED: cmTC_794ef 
: && /usr/bin/gcc-8 -DCHECK_FUNCTION_EXISTS=pthread_create -rdynamic CMakeFiles/cmTC_794ef.dir/CheckFunctionExists.c.o -o cmTC_794ef  -lpthreads && :
/usr/bin/ld: невозможно найти -lpthreads
collect2: error: ld returned 1 exit status
ninja: build stopped: subcommand failed.



